C51 COMPILER V9.60.7.0   DS18B20                                                           06/26/2024 09:21:22 PAGE 1   


C51 COMPILER V9.60.7.0, COMPILATION OF MODULE DS18B20
OBJECT MODULE PLACED IN .\Objects\DS18B20.obj
COMPILER INVOKED BY: C:\Users\a111\Documents\keil\C51\BIN\C51.EXE DS18B20.c OPTIMIZE(8,SPEED) BROWSE DEBUG OBJECTEXTEND 
                    -PRINT(.\Listings\DS18B20.lst) OBJECT(.\Objects\DS18B20.obj)

line level    source

   1          #include <REGX52.H>
   2          #include "OneWire.h"
   3          #include "LCD1602.h"
   4          
   5          #define DS18B20_SEARCH_ROM              0xF0
   6          #define DS18B20_READ_ROM                0x33
   7          #define DS18B20_MATCH_ROM               0x55
   8          #define DS18B20_SKIP_ROM                0xCC
   9          #define DS18B20_ALARM_ROM               0xEC
  10          
  11          #define DS18B20_CONVERT_T               0x44
  12          #define DS18B20_WRITE_SCRATCHPAD                0x4E
  13          #define DS18B20_READ_SCRATCHPAD                 0xBE
  14          #define DS18B20_COPY_SCRATCHPAD                 0x48
  15          #define DS18B20_RECALL_E2               0xB8
  16          #define DS18B20_READ_POWER_SUPPLY               0xB4
  17          
  18          void DS18B20_ConvertT(void)
  19          {
  20   1              OneWire_Init();
  21   1              OneWire_SendByte(DS18B20_SKIP_ROM);
  22   1              OneWire_SendByte(DS18B20_CONVERT_T);
  23   1      }
  24          
  25          float DS18B20_ReadT(void)
  26          {
  27   1              unsigned char TLSB, TMSB;
  28   1              int Temp;
  29   1              float T;
  30   1              OneWire_Init();
  31   1              OneWire_SendByte(DS18B20_SKIP_ROM);
  32   1              OneWire_SendByte(DS18B20_READ_SCRATCHPAD);
  33   1              TLSB = OneWire_ReceiveByte();
  34   1              TMSB = OneWire_ReceiveByte();
  35   1              Temp = (TMSB<<8) | TLSB;
  36   1              T = Temp/16.0;
  37   1              return T; 
  38   1      } 


MODULE INFORMATION:   STATIC OVERLAYABLE
   CODE SIZE        =     56    ----
   CONSTANT SIZE    =   ----    ----
   XDATA SIZE       =   ----    ----
   PDATA SIZE       =   ----    ----
   DATA SIZE        =   ----       1
   IDATA SIZE       =   ----    ----
   BIT SIZE         =   ----    ----
END OF MODULE INFORMATION.


C51 COMPILATION COMPLETE.  0 WARNING(S),  0 ERROR(S)
