C51 COMPILER V9.60.7.0   MAIN                                                              06/26/2024 10:25:16 PAGE 1   


C51 COMPILER V9.60.7.0, COMPILATION OF MODULE MAIN
OBJECT MODULE PLACED IN .\Objects\main.obj
COMPILER INVOKED BY: C:\Users\a111\Documents\keil\C51\BIN\C51.EXE main.c OPTIMIZE(8,SPEED) BROWSE DEBUG OBJECTEXTEND PRI
                    -NT(.\Listings\main.lst) OBJECT(.\Objects\main.obj)

line level    source

   1          #include <REGX52.H>
   2          #include "DS18B20.h"
   3          #include "LCD1602.h"
   4          #include "Delay.h"
   5          #include "AT24C02.h"
   6          #include "Key.h"
   7          #include "Timer0.h"
   8          
   9          
  10          
  11          float T, TShow;
  12          char TLow, THigh;
  13          unsigned char KeyNum;
  14          
  15          void main()
  16          {
  17   1              DS18B20_ConvertT();
  18   1              Delay(1000);
  19   1              THigh = AT24C02_ReadByte(0);
  20   1              TLow = AT24C02_ReadByte(1);
  21   1              if(THigh > 125 || TLow < -55 || THigh <= TLow)
  22   1              {
  23   2                      THigh = 20;
  24   2                      TLow = 15;
  25   2              }
  26   1              LCD_Init();
  27   1              LCD_ShowString(1, 1, "T:");
  28   1              LCD_ShowString(2, 1, "TH:");
  29   1              LCD_ShowString(2, 9, "TL:");
  30   1              LCD_ShowSignedNum(2, 4, THigh, 3);
  31   1              LCD_ShowSignedNum(2, 12, TLow, 3);              
  32   1              Timer0_Init();
  33   1              while(1)
  34   1              {
  35   2                      KeyNum = Key();
  36   2                      /*温度读取及显示*/
  37   2                      DS18B20_ConvertT();
  38   2                      T = DS18B20_ReadT();
  39   2                      if(T < 0)
  40   2                      {
  41   3                              LCD_ShowChar(1, 3, '-');
  42   3                              TShow = -T;
  43   3                      }
  44   2                      else 
  45   2                      {
  46   3                              LCD_ShowChar(1, 3, '+');
  47   3                              TShow = T;
  48   3                      }
  49   2                      LCD_ShowNum(1, 4, TShow, 3);
  50   2                      LCD_ShowChar(1, 7, '.');
  51   2                      LCD_ShowNum(1, 8, (unsigned int)(TShow*100)%100, 2);
  52   2                      /*阈值判断及显示*/
  53   2                      if(KeyNum)
  54   2                      {
C51 COMPILER V9.60.7.0   MAIN                                                              06/26/2024 10:25:16 PAGE 2   

  55   3                              if(KeyNum == 1)
  56   3                              {
  57   4                                      THigh++;
  58   4                                      if(THigh > 125) {THigh = 125;}
  59   4                              }
  60   3                              if(KeyNum == 2)
  61   3                              {
  62   4                                      THigh--;
  63   4                                      if(THigh <= TLow) {THigh++;}
  64   4                              }
  65   3                              if(KeyNum == 3)
  66   3                              {
  67   4                                      TLow++;
  68   4                                      if(THigh <= TLow) {TLow--;}
  69   4                              }
  70   3                              if(KeyNum == 4)
  71   3                              {
  72   4                                      TLow--;
  73   4                                      if(TLow < -55) {TLow = -55;}
  74   4                              }
  75   3                              LCD_ShowSignedNum(2, 4, THigh, 3);
  76   3                              LCD_ShowSignedNum(2, 12, TLow, 3);
  77   3                              AT24C02_WriteByte(0, THigh);
  78   3                              Delay(5);
  79   3                              AT24C02_WriteByte(1, TLow);
  80   3                              Delay(5);
  81   3      
  82   3                      }
  83   2                      if(T > THigh)
  84   2                      {
  85   3                              LCD_ShowString(1, 13, "OV:H");
  86   3                      }
  87   2                      else if(T < TLow)
  88   2                      {
  89   3                              LCD_ShowString(1, 13, "OV:L");                  
  90   3                      }
  91   2                      else
  92   2                      {
  93   3                              LCD_ShowString(1, 13, "    ");                                           
  94   3                      }
  95   2              }
  96   1      }
  97          
  98          void Timer0_Routine() interrupt 1
  99          {
 100   1              static unsigned int T0Count;
 101   1              TL0 = 0x66;             //设置定时初值
 102   1              TH0 = 0xFC;             //设置定时初值
 103   1              T0Count++;
 104   1              if(T0Count >= 20)
 105   1              {
 106   2                      T0Count = 0;
 107   2                      Key_Loop();
 108   2              }
 109   1      }
 110          


MODULE INFORMATION:   STATIC OVERLAYABLE
   CODE SIZE        =    631    ----
   CONSTANT SIZE    =     26    ----
   XDATA SIZE       =   ----    ----
C51 COMPILER V9.60.7.0   MAIN                                                              06/26/2024 10:25:16 PAGE 3   

   PDATA SIZE       =   ----    ----
   DATA SIZE        =     13    ----
   IDATA SIZE       =   ----    ----
   BIT SIZE         =   ----    ----
END OF MODULE INFORMATION.


C51 COMPILATION COMPLETE.  0 WARNING(S),  0 ERROR(S)
