C51 COMPILER V9.60.7.0   ONEWIRE                                                           06/26/2024 10:45:54 PAGE 1   


C51 COMPILER V9.60.7.0, COMPILATION OF MODULE ONEWIRE
OBJECT MODULE PLACED IN .\Objects\OneWire.obj
COMPILER INVOKED BY: C:\Users\a111\Documents\keil\C51\BIN\C51.EXE OneWire.c OPTIMIZE(8,SPEED) BROWSE DEBUG OBJECTEXTEND 
                    -PRINT(.\Listings\OneWire.lst) OBJECT(.\Objects\OneWire.obj)

line level    source

   1          #include <REGX52.H>
   2          
   3          sbit OneWire_DQ = P3^7;
   4          
   5          /**
   6            * @brief  单总线初始化
   7            * @param  无
   8            * @retval AckBit：从机响应位：0位响应，1为未响应
   9            */
  10          unsigned char OneWire_Init(void)
  11          {
  12   1              unsigned char i;
  13   1              unsigned char AckBit;
  14   1              EA = 0;
  15   1              OneWire_DQ = 1;
  16   1              OneWire_DQ = 0;
  17   1              i = 227; while (--i);   //Delay 500us
  18   1              OneWire_DQ = 1;
  19   1              i = 29; while (--i);    //Delay 70us
  20   1              AckBit = OneWire_DQ;
  21   1              i = 227; while (--i);   //Delay 500us
  22   1              EA = 1;
  23   1              return AckBit;
  24   1      }
  25          
  26          /**
  27            * @brief  单总线发送一位
  28            * @param  Bit：要发送的位
  29            * @retval 无
  30            */
  31          void OneWire_SendBit(unsigned char Bit)
  32          {
  33   1              unsigned char i;
  34   1              EA = 0;
  35   1              OneWire_DQ = 0;
  36   1              i = 3; while (--i);             //Delay 10us
  37   1              OneWire_DQ = Bit;
  38   1              i = 22; while (--i);    //Delay 50us
  39   1              OneWire_DQ = 1;
  40   1              EA = 1;
  41   1      }
  42          
  43          /**
  44            * @brief  单总线接收一位
  45            * @param  无
  46            * @retval 读取的位
  47            */
  48          unsigned char OneWire_ReceiveBit(void)
  49          {
  50   1              unsigned char i;
  51   1              unsigned char Bit;
  52   1              EA = 0;
  53   1              OneWire_DQ = 0;
  54   1              i = 1; while (--i);             //Delay 5us
C51 COMPILER V9.60.7.0   ONEWIRE                                                           06/26/2024 10:45:54 PAGE 2   

  55   1              OneWire_DQ = 1;
  56   1              i = 1; while (--i);             //Delay 5us
  57   1              Bit = OneWire_DQ;
  58   1              i = 22; while (--i);    //Delay 50us 
  59   1              EA = 1;
  60   1              return Bit;
  61   1      }
  62          
  63          /**
  64            * @brief  单总线发送一个字节
  65            * @param  Byte：要发送的字节
  66            * @retval 无
  67            */
  68          void OneWire_SendByte(unsigned char Byte)
  69          {
  70   1              unsigned char i;
  71   1              for(i = 0;i < 8;i++)
  72   1              {
  73   2                      OneWire_SendBit(Byte & (0x01<<i));
  74   2              }
  75   1      }
  76          
  77          /**
  78            * @brief  单总线接收一个字节
  79            * @param  无
  80            * @retval Byte：接收的一个字节 
  81            */
  82          unsigned char OneWire_ReceiveByte(void)
  83          {       
  84   1              unsigned char i;
  85   1              unsigned char Byte = 0x00;
  86   1              for(i = 0;i < 8;i++)
  87   1              {
  88   2                      if(OneWire_ReceiveBit()) {Byte |= (0x01<<i);}
  89   2              }
  90   1              return Byte;
  91   1      }
  92          


MODULE INFORMATION:   STATIC OVERLAYABLE
   CODE SIZE        =    134    ----
   CONSTANT SIZE    =   ----    ----
   XDATA SIZE       =   ----    ----
   PDATA SIZE       =   ----    ----
   DATA SIZE        =   ----    ----
   IDATA SIZE       =   ----    ----
   BIT SIZE         =   ----    ----
END OF MODULE INFORMATION.


C51 COMPILATION COMPLETE.  0 WARNING(S),  0 ERROR(S)
