C51 COMPILER V9.60.7.0   MAIN                                                              05/15/2024 10:47:52 PAGE 1   


C51 COMPILER V9.60.7.0, COMPILATION OF MODULE MAIN
OBJECT MODULE PLACED IN .\Objects\main.obj
COMPILER INVOKED BY: C:\Users\a111\Documents\keil\C51\BIN\C51.EXE main.c OPTIMIZE(8,SPEED) BROWSE DEBUG OBJECTEXTEND PRI
                    -NT(.\Listings\main.lst) OBJECT(.\Objects\main.obj)

line level    source

   1          #include <REGX52.H>
   2          #include "Timer0.h"
   3          #include "LCD1602.h"
   4          
   5          unsigned char Hours, Minutes, Seconds;
   6          
   7          void main ()
   8          {
   9   1              LCD_Init();
  10   1              LCD_ShowString(1, 1, "Time for now is:");
  11   1              LCD_ShowString(2, 3, ":");
  12   1              LCD_ShowString(2, 6, ":");
  13   1              Timer0_Init();
  14   1              while(1)
  15   1              {
  16   2                      LCD_ShowNum(2, 7, Seconds, 2);
  17   2                      LCD_ShowNum(2, 4, Minutes, 2);
  18   2                      LCD_ShowNum(2, 1, Hours, 2);
  19   2              }
  20   1      }
  21          
  22          void Timer0_Routine() interrupt 1
  23          {
  24   1              static unsigned int T0Count;
  25   1              TL0 = 0x66;             //设置定时初值
  26   1              TH0 = 0xFC;             //设置定时初值
  27   1              T0Count++;
  28   1              if(T0Count >= 1000)
  29   1              {
  30   2                      T0Count = 0;
  31   2                      Seconds++;
  32   2                      if(Seconds == 60) 
  33   2                      {
  34   3                              Seconds = 0;
  35   3                              Minutes++;
  36   3                              if(Minutes == 60)
  37   3                              {
  38   4                                      Minutes = 0;
  39   4                                      Hours++;
  40   4                                      if(Hours == 24)
  41   4                                      {
  42   5                                              Hours = 0;
  43   5                                      }
  44   4                              }
  45   3                      }
  46   2              }
  47   1      }


MODULE INFORMATION:   STATIC OVERLAYABLE
   CODE SIZE        =    160    ----
   CONSTANT SIZE    =     19    ----
   XDATA SIZE       =   ----    ----
   PDATA SIZE       =   ----    ----
C51 COMPILER V9.60.7.0   MAIN                                                              05/15/2024 10:47:52 PAGE 2   

   DATA SIZE        =      5    ----
   IDATA SIZE       =   ----    ----
   BIT SIZE         =   ----    ----
END OF MODULE INFORMATION.


C51 COMPILATION COMPLETE.  0 WARNING(S),  0 ERROR(S)
