C51 COMPILER V9.60.7.0   MAIN                                                              06/23/2024 17:49:59 PAGE 1   


C51 COMPILER V9.60.7.0, COMPILATION OF MODULE MAIN
OBJECT MODULE PLACED IN .\Objects\main.obj
COMPILER INVOKED BY: C:\Users\a111\Documents\keil\C51\BIN\C51.EXE main.c OPTIMIZE(8,SPEED) BROWSE DEBUG OBJECTEXTEND PRI
                    -NT(.\Listings\main.lst) OBJECT(.\Objects\main.obj)

line level    source

   1          #include <REGX52.H>
   2          #include "Delay.h"
   3          #include "Key.h"
   4          #include "Nixie.h"
   5          #include "Buzzer.h"
   6          
   7          unsigned char KeyNum;
   8          
   9          void main()
  10          {
  11   1              Nixie(1, 0);
  12   1              while(1)
  13   1              {
  14   2                      KeyNum = Key();
  15   2                      if(KeyNum)
  16   2                      {
  17   3                              Buzzer_Time(100);
  18   3                              Nixie(1, KeyNum); 
  19   3                      }
  20   2              }
  21   1      }


MODULE INFORMATION:   STATIC OVERLAYABLE
   CODE SIZE        =     36    ----
   CONSTANT SIZE    =   ----    ----
   XDATA SIZE       =   ----    ----
   PDATA SIZE       =   ----    ----
   DATA SIZE        =      1    ----
   IDATA SIZE       =   ----    ----
   BIT SIZE         =   ----    ----
END OF MODULE INFORMATION.


C51 COMPILATION COMPLETE.  0 WARNING(S),  0 ERROR(S)
