C51 COMPILER V9.60.7.0   NIXIE                                                             06/23/2024 17:18:18 PAGE 1   


C51 COMPILER V9.60.7.0, COMPILATION OF MODULE NIXIE
OBJECT MODULE PLACED IN .\Objects\Nixie.obj
COMPILER INVOKED BY: C:\Users\a111\Documents\keil\C51\BIN\C51.EXE Nixie.c OPTIMIZE(8,SPEED) BROWSE DEBUG OBJECTEXTEND PR
                    -INT(.\Listings\Nixie.lst) OBJECT(.\Objects\Nixie.obj)

line level    source

   1          #include <REGX52.H>
   2          #include "Delay.h"
   3          
   4          unsigned char Nixietable[] = {0x3F, 0x06, 0x5B, 0x4F, 0x66, 0x6D, 0x7D, 0x07,0x7F, 0x6F, 0x77, 0x7F, 0x39,
             - 0x3F, 0x79, 0x71};
   5          
   6          void Nixie(unsigned char location, number)
   7          {
   8   1              switch(location)
   9   1              {
  10   2                      case 1:P2_4=1;P2_3=1;P2_2=1;break;
  11   2                      case 2:P2_4=1;P2_3=1;P2_2=0;break;
  12   2                      case 3:P2_4=1;P2_3=0;P2_2=1;break;
  13   2                      case 4:P2_4=1;P2_3=0;P2_2=0;break;
  14   2                      case 5:P2_4=0;P2_3=1;P2_2=1;break;
  15   2                      case 6:P2_4=0;P2_3=1;P2_2=0;break;
  16   2                      case 7:P2_4=0;P2_3=0;P2_2=1;break;
  17   2                      case 8:P2_4=0;P2_3=0;P2_2=0;break;
  18   2              }
  19   1              P0 = Nixietable[number];
  20   1              //      Delay(1);       //动态显示时需要这两句，静态显示时将不需要这两句话，注释掉即可
  21   1      //      P0 = 0x00;
  22   1      }


MODULE INFORMATION:   STATIC OVERLAYABLE
   CODE SIZE        =     99    ----
   CONSTANT SIZE    =   ----    ----
   XDATA SIZE       =   ----    ----
   PDATA SIZE       =   ----    ----
   DATA SIZE        =     16    ----
   IDATA SIZE       =   ----    ----
   BIT SIZE         =   ----    ----
END OF MODULE INFORMATION.


C51 COMPILATION COMPLETE.  0 WARNING(S),  0 ERROR(S)
