C51 COMPILER V9.60.7.0   MAIN                                                              06/23/2024 09:09:59 PAGE 1   


C51 COMPILER V9.60.7.0, COMPILATION OF MODULE MAIN
OBJECT MODULE PLACED IN .\Objects\main.obj
COMPILER INVOKED BY: C:\Users\a111\Documents\keil\C51\BIN\C51.EXE main.c OPTIMIZE(8,SPEED) BROWSE DEBUG OBJECTEXTEND PRI
                    -NT(.\Listings\main.lst) OBJECT(.\Objects\main.obj)

line level    source

   1          #include <REGX52.H>
   2          #include "LCD1602.h"
   3          #include "DS1302.h"
   4          #include "Delay.h"
   5          
   6          void main()
   7          {
   8   1              LCD_Init();
   9   1              DS1302_Init();
  10   1              LCD_ShowString(1, 1, "  -  -  ");
  11   1              LCD_ShowString(2, 1, "  :  :  ");
  12   1              
  13   1              DS1302_SetTime();
  14   1              
  15   1              while(1)
  16   1              {
  17   2                      DS1302_ReadTime();
  18   2                      LCD_ShowNum(1, 1, DS1302_Time[0], 2);
  19   2                      LCD_ShowNum(1, 4, DS1302_Time[1], 2);
  20   2                      LCD_ShowNum(1, 7, DS1302_Time[2], 2);
  21   2                      LCD_ShowNum(2, 1, DS1302_Time[3], 2);
  22   2                      LCD_ShowNum(2, 4, DS1302_Time[4], 2);
  23   2                      LCD_ShowNum(2, 7, DS1302_Time[5], 2);
  24   2              }
  25   1      }


MODULE INFORMATION:   STATIC OVERLAYABLE
   CODE SIZE        =    130    ----
   CONSTANT SIZE    =     18    ----
   XDATA SIZE       =   ----    ----
   PDATA SIZE       =   ----    ----
   DATA SIZE        =   ----    ----
   IDATA SIZE       =   ----    ----
   BIT SIZE         =   ----    ----
END OF MODULE INFORMATION.


C51 COMPILATION COMPLETE.  0 WARNING(S),  0 ERROR(S)
