C51 COMPILER V9.60.7.0   MAIN                                                              04/23/2024 12:59:36 PAGE 1   


C51 COMPILER V9.60.7.0, COMPILATION OF MODULE MAIN
OBJECT MODULE PLACED IN .\Objects\main.obj
COMPILER INVOKED BY: C:\Users\a111\Documents\keil\C51\BIN\C51.EXE main.c OPTIMIZE(8,SPEED) BROWSE DEBUG OBJECTEXTEND PRI
                    -NT(.\Listings\main.lst) TABS(2) OBJECT(.\Objects\main.obj)

line level    source

   1          #include <REGX52.H>
   2          #include <INTRINS.H>
   3          
   4          unsigned char Nmb = 0;
   5          
   6          void Delay(unsigned int xms)
   7          {
   8   1        while(xms)
   9   1        {
  10   2          unsigned char i, j;
  11   2      
  12   2          _nop_();
  13   2          i = 2;
  14   2          j = 199;
  15   2          do
  16   2          {
  17   3            while (--j);
  18   3          } while (--i);
  19   2          xms--;
  20   2        }
  21   1      }
  22          
  23          void main()
  24          {
  25   1        P2 = ~0x01;
  26   1        while(1)
  27   1        {
  28   2          if(P3_1 == 0)
  29   2          {
  30   3            Delay(20);
  31   3            while(P3_1 == 0);
  32   3            Delay(20);
  33   3            
  34   3            if(++Nmb == 8)
  35   3              Nmb = 0;
  36   3            P2 = ~(0x01 << Nmb);
  37   3          }
  38   2          
  39   2          if(P3_0 == 0)
  40   2          {
  41   3            Delay(20);
  42   3            while(P3_0 == 0);
  43   3            Delay(20);
  44   3            
  45   3            if(Nmb == 0)
  46   3              Nmb = 7;
  47   3            else
  48   3              Nmb--;
  49   3            P2 = ~(0x01 << Nmb);
  50   3          }
  51   2        }
  52   1      }


C51 COMPILER V9.60.7.0   MAIN                                                              04/23/2024 12:59:36 PAGE 2   

MODULE INFORMATION:   STATIC OVERLAYABLE
   CODE SIZE        =    111    ----
   CONSTANT SIZE    =   ----    ----
   XDATA SIZE       =   ----    ----
   PDATA SIZE       =   ----    ----
   DATA SIZE        =      1       2
   IDATA SIZE       =   ----    ----
   BIT SIZE         =   ----    ----
END OF MODULE INFORMATION.


C51 COMPILATION COMPLETE.  0 WARNING(S),  0 ERROR(S)
