C51 COMPILER V9.60.7.0   MAIN                                                              05/11/2024 20:39:01 PAGE 1   


C51 COMPILER V9.60.7.0, COMPILATION OF MODULE MAIN
OBJECT MODULE PLACED IN .\Objects\main.obj
COMPILER INVOKED BY: C:\Users\a111\Documents\keil\C51\BIN\C51.EXE main.c OPTIMIZE(8,SPEED) BROWSE DEBUG OBJECTEXTEND PRI
                    -NT(.\Listings\main.lst) OBJECT(.\Objects\main.obj)

line level    source

   1          #include <REGX52.H>
   2          #include "Delay.h"
   3          #include "LCD1602.h"
   4          #include "MatrixKey.h"
   5          
   6          unsigned char KeyNum;
   7          unsigned int Password;
   8          unsigned char Sum;
   9          
  10          void main()
  11          {
  12   1              LCD_Init();
  13   1              LCD_ShowString(1, 1, "Password:");
  14   1              while(1)
  15   1              {
  16   2                      KeyNum = MatrixKey();
  17   2                      if(KeyNum) 
  18   2                      {
  19   3                              if(KeyNum <= 10) //如果按键S1~S10按下，输入密码
  20   3                              {
  21   4                                      Password *= 10; //密码左移一位
  22   4                                      Password += KeyNum%10; //获取一位密码
  23   4                                      Sum++;
  24   4                              }
  25   3                              else if(KeyNum == 11)
  26   3                              {
  27   4                                      Password /= 10;
  28   4                                      if(Sum) Sum--;
  29   4                              }
  30   3                              if(Sum && Sum % 4 == 0)
  31   3                              {
  32   4                                      if(Password == 0666)
  33   4                                      {
  34   5                                              LCD_Init();
  35   5                                              LCD_ShowString(1, 1, "Access succeed!");
  36   5                                              Password=0;
  37   5                                              Sum = 0;
  38   5                                      }
  39   4                                      else
  40   4                                      {
  41   5                                              LCD_Init();
  42   5                                              LCD_ShowString(1, 1, "Access Denied!");
  43   5                                              Password=0;
  44   5                                              Sum = 0;
  45   5                                      }
  46   4                                      Delay(1500);
  47   4                                      LCD_Init();
  48   4                                      LCD_ShowString(1, 1, "Password:");
  49   4                              }
  50   3                              else
  51   3                              {
  52   4                                      LCD_ShowNum(2, 1, Password, 4);
  53   4                              }
  54   3                              
C51 COMPILER V9.60.7.0   MAIN                                                              05/11/2024 20:39:01 PAGE 2   

  55   3                      }
  56   2              }
  57   1      }


MODULE INFORMATION:   STATIC OVERLAYABLE
   CODE SIZE        =    174    ----
   CONSTANT SIZE    =     41    ----
   XDATA SIZE       =   ----    ----
   PDATA SIZE       =   ----    ----
   DATA SIZE        =      4    ----
   IDATA SIZE       =   ----    ----
   BIT SIZE         =   ----    ----
END OF MODULE INFORMATION.


C51 COMPILATION COMPLETE.  0 WARNING(S),  0 ERROR(S)
