C51 COMPILER V9.60.7.0   MAIN                                                              07/01/2024 20:43:56 PAGE 1   


C51 COMPILER V9.60.7.0, COMPILATION OF MODULE MAIN
OBJECT MODULE PLACED IN .\Objects\main.obj
COMPILER INVOKED BY: C:\Users\a111\Documents\keil\C51\BIN\C51.EXE main.c OPTIMIZE(8,SPEED) BROWSE DEBUG OBJECTEXTEND PRI
                    -NT(.\Listings\main.lst) OBJECT(.\Objects\main.obj)

line level    source

   1          #include <REGX52.H>
   2          #include "Delay.h"
   3          #include "Key.h"
   4          #include "Nixie.h"
   5          #include "Motor.h"
   6          #include "IR.h"
   7          
   8          unsigned char Address, Command;
   9          
  10          void main()
  11          {
  12   1              Motor_Init();
  13   1              IR_Init();
  14   1              Nixie_Scan(1, 0);
  15   1              while(1)
  16   1              {       
  17   2                      if(IR_GetDataFlag())
  18   2                      {
  19   3                              Command = IR_GetCommand();
  20   3                              Address = IR_GetAddress();
  21   3                              if(Command == IR_0) 
  22   3                              {
  23   4                                      Motor_SetSpeed(0);
  24   4                                      Nixie_Scan(1, 0);
  25   4                              }
  26   3                              if(Command == IR_1) 
  27   3                              {
  28   4                                      Motor_SetSpeed(50);
  29   4                                      Nixie_Scan(1, 1);
  30   4                              }
  31   3                              if(Command == IR_2) 
  32   3                              {
  33   4                                      Motor_SetSpeed(75);
  34   4                                      Nixie_Scan(1, 2);
  35   4                              }
  36   3                              if(Command == IR_3) 
  37   3                              {
  38   4                                      Motor_SetSpeed(100);
  39   4                                      Nixie_Scan(1, 3);
  40   4                              }
  41   3                      }
  42   2              }  
  43   1      }


MODULE INFORMATION:   STATIC OVERLAYABLE
   CODE SIZE        =    107    ----
   CONSTANT SIZE    =   ----    ----
   XDATA SIZE       =   ----    ----
   PDATA SIZE       =   ----    ----
   DATA SIZE        =      2    ----
   IDATA SIZE       =   ----    ----
   BIT SIZE         =   ----    ----
END OF MODULE INFORMATION.

C51 COMPILER V9.60.7.0   MAIN                                                              07/01/2024 20:43:56 PAGE 2   


C51 COMPILATION COMPLETE.  0 WARNING(S),  0 ERROR(S)
