C51 COMPILER V9.60.7.0   MAIN                                                              04/20/2024 20:13:08 PAGE 1   


C51 COMPILER V9.60.7.0, COMPILATION OF MODULE MAIN
OBJECT MODULE PLACED IN .\Objects\main.obj
COMPILER INVOKED BY: C:\Users\a111\Documents\keil\C51\BIN\C51.EXE main.c OPTIMIZE(8,SPEED) BROWSE DEBUG OBJECTEXTEND PRI
                    -NT(.\Listings\main.lst) TABS(2) OBJECT(.\Objects\main.obj)

line level    source

   1          #include <REGX52.H>
   2          #include <INTRINS.H>
   3          
   4          void Delay(unsigned int xms)
   5          {
   6   1        unsigned char i, j;
   7   1        while(xms)
   8   1        {
   9   2          _nop_();
  10   2          i = 2;
  11   2          j = 199;
  12   2          do
  13   2          {
  14   3            while (--j);
  15   3          } while (--i);
  16   2          xms--;
  17   2        }
  18   1      }
  19          
  20          void main()
  21          {
  22   1        unsigned int i = 0;
  23   1        while(1)
  24   1        {
  25   2          if(P3_0 == 0)
  26   2          {
  27   3            Delay(10);
  28   3            while(P3_0 == 0);
  29   3            Delay(10);
  30   3            i++;
  31   3            if(i == 1) P2_0 = ~P2_0;
  32   3            if(i == 2) 
  33   3            {
  34   4              P2_0 = ~P2_0;
  35   4              P2_1 = ~P2_1;
  36   4            }
  37   3            if(i == 3) 
  38   3            {
  39   4              P2_1 = ~P2_1;
  40   4              P2_2 = ~P2_2;
  41   4            }
  42   3            if(i == 4) 
  43   3            {
  44   4              P2_2 = ~P2_2;
  45   4              P2_3 = ~P2_3;
  46   4            }
  47   3            if(i == 5) 
  48   3            {
  49   4              P2_3 = ~P2_3;
  50   4              P2_4 = ~P2_4;
  51   4            }
  52   3            if(i == 6) 
  53   3            {
  54   4              P2_4 = ~P2_4;
C51 COMPILER V9.60.7.0   MAIN                                                              04/20/2024 20:13:08 PAGE 2   

  55   4              P2_5 = ~P2_5;
  56   4            }
  57   3            if(i == 7) 
  58   3            {
  59   4              P2_5 = ~P2_5;
  60   4              P2_6 = ~P2_6;
  61   4            }
  62   3            if(i == 8) 
  63   3            {
  64   4              P2_6 = ~P2_6;
  65   4              P2_7 = ~P2_7;
  66   4            }
  67   3            if(i == 9) 
  68   3            {
  69   4              P2_7 = ~P2_7;
  70   4              i = 0;
  71   4            }
  72   3          }
  73   2        }
  74   1      }


MODULE INFORMATION:   STATIC OVERLAYABLE
   CODE SIZE        =    139    ----
   CONSTANT SIZE    =   ----    ----
   XDATA SIZE       =   ----    ----
   PDATA SIZE       =   ----    ----
   DATA SIZE        =   ----    ----
   IDATA SIZE       =   ----    ----
   BIT SIZE         =   ----    ----
END OF MODULE INFORMATION.


C51 COMPILATION COMPLETE.  0 WARNING(S),  0 ERROR(S)
