C51 COMPILER V9.60.7.0   KEY                                                               06/30/2024 16:30:08 PAGE 1   


C51 COMPILER V9.60.7.0, COMPILATION OF MODULE KEY
OBJECT MODULE PLACED IN .\Objects\Key.obj
COMPILER INVOKED BY: C:\Users\a111\Documents\keil\C51\BIN\C51.EXE Key.c OPTIMIZE(8,SPEED) BROWSE DEBUG OBJECTEXTEND PRIN
                    -T(.\Listings\Key.lst) OBJECT(.\Objects\Key.obj)

line level    source

   1           #include <REGX52.H>
   2          #include "Delay.h"
   3          
   4          unsigned char Key_KeyNumber;
   5          
   6          /**
   7            * @brief  获取按键键码
   8            * @param  无
   9            * @retval Temp：按下按键的键码，范围：0，1~4，0表示无按键按下
  10            */
  11          unsigned char Key(void)
  12          {
  13   1              unsigned char Temp;
  14   1              Temp = Key_KeyNumber;
  15   1              Key_KeyNumber = 0;
  16   1              return Temp;
  17   1      }
  18          
  19          /**
  20            * @brief  获取独立按键键码
  21            * @param  无
  22            * @retval 返回按下按键的键码，范围0~4，无按键按下时返回值为0
  23            */
  24          unsigned char Key_GetState()
  25          {
  26   1              unsigned char KeyNumber = 0;
  27   1              
  28   1              if(P3_1 == 0)
  29   1              {
  30   2                      KeyNumber = 1;
  31   2              }
  32   1              else if(P3_0 == 0)
  33   1              {
  34   2                      KeyNumber = 2;
  35   2              }
  36   1              else if(P3_2 == 0)
  37   1              {
  38   2                      KeyNumber = 3;
  39   2              }else if(P3_3 == 0)
  40   1              {
  41   2                      KeyNumber = 4 ;
  42   2              }
  43   1              return KeyNumber;
  44   1      }
  45          
  46          /**
  47            * @brief  按键驱动函数，在中断中调用
  48            * @param  无
  49            * @retval 无
  50            */
  51          void Key_Loop(void)
  52          {
  53   1              static unsigned char NowState, LastState;
  54   1              LastState = NowState;                           //按键状态更新
C51 COMPILER V9.60.7.0   KEY                                                               06/30/2024 16:30:08 PAGE 2   

  55   1              NowState = Key_GetState();                      //获取当前的按键状态
  56   1              if(LastState == 1 && NowState == 0)     //当设置为1 0的时候，是松开按键触发，而当设置为0
             - 1的时候是按下按键触发
  57   1              {
  58   2                      Key_KeyNumber = 1;
  59   2              }
  60   1              if(LastState == 2 && NowState == 0)
  61   1              {
  62   2                      Key_KeyNumber = 2;
  63   2              }
  64   1              if(LastState == 3 && NowState == 0)
  65   1              {
  66   2                      Key_KeyNumber = 3;
  67   2              }
  68   1              if(LastState == 4 && NowState == 0)
  69   1              {
  70   2                      Key_KeyNumber = 4;
  71   2              }
  72   1      }


MODULE INFORMATION:   STATIC OVERLAYABLE
   CODE SIZE        =     88    ----
   CONSTANT SIZE    =   ----    ----
   XDATA SIZE       =   ----    ----
   PDATA SIZE       =   ----    ----
   DATA SIZE        =      3    ----
   IDATA SIZE       =   ----    ----
   BIT SIZE         =   ----    ----
END OF MODULE INFORMATION.


C51 COMPILATION COMPLETE.  0 WARNING(S),  0 ERROR(S)
