C51 COMPILER V9.60.7.0   MAIN                                                              07/01/2024 13:47:21 PAGE 1   


C51 COMPILER V9.60.7.0, COMPILATION OF MODULE MAIN
OBJECT MODULE PLACED IN .\Objects\main.obj
COMPILER INVOKED BY: C:\Users\a111\Documents\keil\C51\BIN\C51.EXE main.c OPTIMIZE(8,SPEED) BROWSE DEBUG OBJECTEXTEND PRI
                    -NT(.\Listings\main.lst) OBJECT(.\Objects\main.obj)

line level    source

   1          #include <REGX52.H>
   2          #include "Delay.h"
   3          #include "Key.h"
   4          #include "Nixie.h"
   5          #include "Timer0.h"
   6          
   7          sbit DA = P2^1;
   8          
   9          unsigned char Counter, Compare;
  10          unsigned char i;
  11          
  12          void main()
  13          {
  14   1              Timer0_Init();
  15   1              while(1)
  16   1              {
  17   2                      for(i = 0;i < 100;i++)
  18   2                      {
  19   3                              Compare = i;
  20   3                              Delay(10);
  21   3                      }
  22   2                      for(i = 100;i > 0;i--)
  23   2                      {
  24   3                              Compare = i;
  25   3                              Delay(10);
  26   3                      }
  27   2              }
  28   1      }
  29          
  30          void Timer0_Routine() interrupt 1
  31          {
  32   1              TL0 = 0xA4;             //设置定时初值
  33   1              TH0 = 0xFF;             //设置定时初值
  34   1              Counter++;
  35   1              Counter %= 100;
  36   1              if(Counter < Compare)
  37   1              {
  38   2                      DA = 1;
  39   2              }
  40   1              else
  41   1              {
  42   2                      DA = 0;
  43   2              }
  44   1      }


MODULE INFORMATION:   STATIC OVERLAYABLE
   CODE SIZE        =     92    ----
   CONSTANT SIZE    =   ----    ----
   XDATA SIZE       =   ----    ----
   PDATA SIZE       =   ----    ----
   DATA SIZE        =      3    ----
   IDATA SIZE       =   ----    ----
   BIT SIZE         =   ----    ----
C51 COMPILER V9.60.7.0   MAIN                                                              07/01/2024 13:47:21 PAGE 2   

END OF MODULE INFORMATION.


C51 COMPILATION COMPLETE.  0 WARNING(S),  0 ERROR(S)
