C51 COMPILER V9.60.7.0   MAIN                                                              05/14/2024 21:20:57 PAGE 1   


C51 COMPILER V9.60.7.0, COMPILATION OF MODULE MAIN
OBJECT MODULE PLACED IN .\Objects\main.obj
COMPILER INVOKED BY: C:\Users\a111\Documents\keil\C51\BIN\C51.EXE main.c OPTIMIZE(8,SPEED) BROWSE DEBUG OBJECTEXTEND PRI
                    -NT(.\Listings\main.lst) OBJECT(.\Objects\main.obj)

line level    source

   1          #include <REGX52.H>
   2          #include "Timer0.h"
   3          #include "Key.h"
   4          #include <INTRINS.H>
   5          
   6          unsigned char KeyNum, LEDMode;
   7          
   8          void main ()
   9          {
  10   1              P2 = 0xFE;
  11   1              Timer0_Init();
  12   1              while(1)
  13   1              {
  14   2                      KeyNum = Key();
  15   2                      if(KeyNum == 1)
  16   2                      {
  17   3                              LEDMode++;
  18   3                              if(LEDMode >= 2) LEDMode = 0;
  19   3                      }
  20   2              }
  21   1      } 
  22          
  23          void Timer0_Routine() interrupt 1
  24          {
  25   1              static unsigned int T0Count;
  26   1              TL0 = 0x66;             //设置定时初值
  27   1              TH0 = 0xFC;             //设置定时初值
  28   1              T0Count++;
  29   1              if(T0Count >= 500)
  30   1              {
  31   2                      T0Count = 0;
  32   2                      if(LEDMode == 0) P2 = _crol_(P2, 1);
  33   2                      if(LEDMode == 1) P2 = _cror_(P2, 1);
  34   2              }
  35   1      }


MODULE INFORMATION:   STATIC OVERLAYABLE
   CODE SIZE        =    114    ----
   CONSTANT SIZE    =   ----    ----
   XDATA SIZE       =   ----    ----
   PDATA SIZE       =   ----    ----
   DATA SIZE        =      4    ----
   IDATA SIZE       =   ----    ----
   BIT SIZE         =   ----    ----
END OF MODULE INFORMATION.


C51 COMPILATION COMPLETE.  0 WARNING(S),  0 ERROR(S)
