C51 COMPILER V9.60.7.0   MAIN                                                              07/01/2024 13:40:24 PAGE 1   


C51 COMPILER V9.60.7.0, COMPILATION OF MODULE MAIN
OBJECT MODULE PLACED IN .\Objects\main.obj
COMPILER INVOKED BY: C:\Users\a111\Documents\keil\C51\BIN\C51.EXE main.c OPTIMIZE(8,SPEED) BROWSE DEBUG OBJECTEXTEND PRI
                    -NT(.\Listings\main.lst) OBJECT(.\Objects\main.obj)

line level    source

   1          #include <REGX52.H>
   2          #include "Delay.h"
   3          #include "LCD1602.h"
   4          #include "XPT2046.h"
*** WARNING C317 IN LINE 12 OF XPT2046.h: attempt to redefine macro 'XPT2046_AUX'
   5          
   6          unsigned int ADValue;
   7          
   8          void main()
   9          {
  10   1              LCD_Init();
  11   1              LCD_ShowString(1, 1, "ADJ  NTC  RG");
  12   1              while(1)
  13   1              {
  14   2                      ADValue =  XPT2046_ReadAD(XPT2046_XP_8);
  15   2                      LCD_ShowNum(2, 1, ADValue, 3);
  16   2                      ADValue =  XPT2046_ReadAD(XPT2046_YP_8);
  17   2                      LCD_ShowNum(2, 6, ADValue, 3);
  18   2                      ADValue =  XPT2046_ReadAD(XPT2046_VBAT_8);
  19   2                      LCD_ShowNum(2, 11, ADValue, 3);
  20   2                      Delay(10);
  21   2              }
  22   1      }


MODULE INFORMATION:   STATIC OVERLAYABLE
   CODE SIZE        =     94    ----
   CONSTANT SIZE    =     13    ----
   XDATA SIZE       =   ----    ----
   PDATA SIZE       =   ----    ----
   DATA SIZE        =      2    ----
   IDATA SIZE       =   ----    ----
   BIT SIZE         =   ----    ----
END OF MODULE INFORMATION.


C51 COMPILATION COMPLETE.  1 WARNING(S),  0 ERROR(S)
