C51 COMPILER V9.60.7.0   XPT2046                                                           07/01/2024 13:36:30 PAGE 1   


C51 COMPILER V9.60.7.0, COMPILATION OF MODULE XPT2046
OBJECT MODULE PLACED IN .\Objects\XPT2046.obj
COMPILER INVOKED BY: C:\Users\a111\Documents\keil\C51\BIN\C51.EXE XPT2046.c OPTIMIZE(8,SPEED) BROWSE DEBUG OBJECTEXTEND 
                    -PRINT(.\Listings\XPT2046.lst) OBJECT(.\Objects\XPT2046.obj)

line level    source

   1          #include <REGX52.H>
   2          
   3          sbit XPT2046_CS = P3^5;
   4          sbit XPT2046_DCLK = P3^6;
   5          sbit XPT2046_DIN = P3^4;
   6          sbit XPT2046_DOUT = P3^7;
   7          
   8          unsigned int XPT2046_ReadAD(unsigned char Command)
   9          {
  10   1              unsigned int ADValue = 0;
  11   1              unsigned char i;
  12   1              XPT2046_DCLK = 0;
  13   1              XPT2046_CS = 0;
  14   1              for(i = 0;i < 8;i++)
  15   1              {
  16   2                      XPT2046_DIN = Command & (0x80>>i);
  17   2                      XPT2046_DCLK = 1;
  18   2                      XPT2046_DCLK = 0;
  19   2              }
  20   1              for(i = 0;i < 16;i++)
  21   1              {
  22   2                      XPT2046_DCLK = 1;
  23   2                      XPT2046_DCLK = 0;
  24   2                      if(XPT2046_DOUT) {ADValue |= (0x8000>>i);}
  25   2              }
  26   1              XPT2046_CS = 0;
  27   1              if(Command & 0x08)
  28   1              {
  29   2                      return (ADValue>>8);
  30   2              }
  31   1              else
  32   1              {
  33   2                      return (ADValue>>4);
  34   2              }
  35   1      }


MODULE INFORMATION:   STATIC OVERLAYABLE
   CODE SIZE        =    110    ----
   CONSTANT SIZE    =   ----    ----
   XDATA SIZE       =   ----    ----
   PDATA SIZE       =   ----    ----
   DATA SIZE        =   ----       2
   IDATA SIZE       =   ----    ----
   BIT SIZE         =   ----    ----
END OF MODULE INFORMATION.


C51 COMPILATION COMPLETE.  0 WARNING(S),  0 ERROR(S)
