C51 COMPILER V9.60.7.0   MAIN                                                              05/15/2024 10:45:44 PAGE 1   


C51 COMPILER V9.60.7.0, COMPILATION OF MODULE MAIN
OBJECT MODULE PLACED IN .\Objects\main.obj
COMPILER INVOKED BY: C:\Users\a111\Documents\keil\C51\BIN\C51.EXE main.c OPTIMIZE(8,SPEED) BROWSE DEBUG OBJECTEXTEND PRI
                    -NT(.\Listings\main.lst) OBJECT(.\Objects\main.obj)

line level    source

   1          #include <REGX52.H>
   2          #include "Delay.h"
   3          #include "LCD1602.h"
   4          #include "Timer0.h"
   5          
   6          unsigned char Sec = 55, Min = 59, Hour = 23;
   7          
   8          void main ()
   9          {
  10   1              LCD_Init();
  11   1              Timer0_Init();  
  12   1              
  13   1              LCD_ShowString(1, 1, "Clock:");
  14   1              LCD_ShowString(2, 1, "  :  :");
  15   1              while(1)
  16   1              {
  17   2                      LCD_ShowNum(2, 1, Hour, 2);
  18   2                      LCD_ShowNum(2, 4, Min, 2);
  19   2                      LCD_ShowNum(2, 7, Sec, 2);              
  20   2              }
  21   1      }
  22          
  23          void Timer0_Routine() interrupt 1
  24          {
  25   1              static unsigned int T0Count;
  26   1              TL0 = 0x66;             //设置定时初值
  27   1              TH0 = 0xFC;             //设置定时初值
  28   1              T0Count++;
  29   1              if(T0Count >= 1000)
  30   1              {
  31   2                      T0Count = 0;
  32   2                      Sec++;
  33   2                      if(Sec >=60)
  34   2                      {
  35   3                              Sec = 0;
  36   3                              Min ++;
  37   3                              if(Min >= 60)
  38   3                              {
  39   4                                      Min = 0;
  40   4                                      Hour ++;
  41   4                                      if(Hour >= 24)
  42   4                                              Hour = 0;
  43   4                              }
  44   3                      }
  45   2              }
  46   1      }


MODULE INFORMATION:   STATIC OVERLAYABLE
   CODE SIZE        =    150    ----
   CONSTANT SIZE    =     14    ----
   XDATA SIZE       =   ----    ----
   PDATA SIZE       =   ----    ----
   DATA SIZE        =      5    ----
C51 COMPILER V9.60.7.0   MAIN                                                              05/15/2024 10:45:44 PAGE 2   

   IDATA SIZE       =   ----    ----
   BIT SIZE         =   ----    ----
END OF MODULE INFORMATION.


C51 COMPILATION COMPLETE.  0 WARNING(S),  0 ERROR(S)
