C51 COMPILER V9.60.7.0   NIXIE                                                             06/30/2024 16:54:59 PAGE 1   


C51 COMPILER V9.60.7.0, COMPILATION OF MODULE NIXIE
OBJECT MODULE PLACED IN .\Objects\Nixie.obj
COMPILER INVOKED BY: C:\Users\a111\Documents\keil\C51\BIN\C51.EXE Nixie.c OPTIMIZE(8,SPEED) BROWSE DEBUG OBJECTEXTEND PR
                    -INT(.\Listings\Nixie.lst) OBJECT(.\Objects\Nixie.obj)

line level    source

   1          #include <REGX52.H>
   2          #include "Delay.h"
   3          
   4          unsigned char Nixie_Buf[9] = {0, 16, 10, 10, 10, 10, 10, 10, 10};
   5          
   6          unsigned char Nixietable[] = {0x3F, 0x06, 0x5B, 0x4F, 0x66, 0x6D, 0x7D, 0x07,0x7F, 0x6F, 0x77, 0x7F, 0x39,
             - 0x3F, 0x79, 0x71, 0x00, 0x40};
   7          
   8          void Nixie_SetBuf(unsigned char Location, Number)
   9          {
  10   1              Nixie_Buf[Location] = Number;
  11   1      }
  12          
  13          void Nixie_Scan(unsigned char location, number)
  14          {
  15   1              P0 = 0x00;
  16   1              switch(location)
  17   1              {
  18   2                      case 1:P2_4=1;P2_3=1;P2_2=1;break;
  19   2                      case 2:P2_4=1;P2_3=1;P2_2=0;break;
  20   2                      case 3:P2_4=1;P2_3=0;P2_2=1;break;
  21   2                      case 4:P2_4=1;P2_3=0;P2_2=0;break;
  22   2                      case 5:P2_4=0;P2_3=1;P2_2=1;break;
  23   2                      case 6:P2_4=0;P2_3=1;P2_2=0;break;
  24   2                      case 7:P2_4=0;P2_3=0;P2_2=1;break;
  25   2                      case 8:P2_4=0;P2_3=0;P2_2=0;break;
  26   2              }
  27   1              P0 = Nixietable[number];
  28   1      }
  29          
  30          void Nixie_Loop(void)
  31          {
  32   1              static unsigned char i = 1;
  33   1              Nixie_Scan(i, Nixie_Buf[i]);
  34   1              i++;
  35   1              if(i > 8) {i = 1;}
  36   1      }


MODULE INFORMATION:   STATIC OVERLAYABLE
   CODE SIZE        =    138    ----
   CONSTANT SIZE    =   ----    ----
   XDATA SIZE       =   ----    ----
   PDATA SIZE       =   ----    ----
   DATA SIZE        =     28    ----
   IDATA SIZE       =   ----    ----
   BIT SIZE         =   ----    ----
END OF MODULE INFORMATION.


C51 COMPILATION COMPLETE.  0 WARNING(S),  0 ERROR(S)
