C51 COMPILER V9.60.7.0   DELAY                                                             06/24/2024 11:11:48 PAGE 1   


C51 COMPILER V9.60.7.0, COMPILATION OF MODULE DELAY
OBJECT MODULE PLACED IN .\Objects\Delay.obj
COMPILER INVOKED BY: C:\Users\a111\Documents\keil\C51\BIN\C51.EXE Delay.c OPTIMIZE(8,SPEED) BROWSE DEBUG OBJECTEXTEND PR
                    -INT(.\Listings\Delay.lst) OBJECT(.\Objects\Delay.obj)

line level    source

   1          void Delay(unsigned int xms)
   2          {
   3   1              unsigned char i, j;
   4   1      
   5   1              while(xms--)
   6   1              {
   7   2                      i = 2;
   8   2                      j = 199;
   9   2                      do
  10   2                      {
  11   3                                      while (--j);
  12   3                      } while (--i);
  13   2              }
  14   1      }


MODULE INFORMATION:   STATIC OVERLAYABLE
   CODE SIZE        =     21    ----
   CONSTANT SIZE    =   ----    ----
   XDATA SIZE       =   ----    ----
   PDATA SIZE       =   ----    ----
   DATA SIZE        =   ----    ----
   IDATA SIZE       =   ----    ----
   BIT SIZE         =   ----    ----
END OF MODULE INFORMATION.


C51 COMPILATION COMPLETE.  0 WARNING(S),  0 ERROR(S)
