C51 COMPILER V9.60.7.0   KEY                                                               06/24/2024 11:11:48 PAGE 1   


C51 COMPILER V9.60.7.0, COMPILATION OF MODULE KEY
OBJECT MODULE PLACED IN .\Objects\Key.obj
COMPILER INVOKED BY: C:\Users\a111\Documents\keil\C51\BIN\C51.EXE Key.c OPTIMIZE(8,SPEED) BROWSE DEBUG OBJECTEXTEND PRIN
                    -T(.\Listings\Key.lst) OBJECT(.\Objects\Key.obj)

line level    source

   1          #include <REGX52.H>
   2          #include "Delay.h"
   3          
   4          /**
   5            * @brief  获取独立按键键码
   6            * @param  无
   7            * @retval 返回按下按键的键码，范围0~4，无按键按下时返回值为0
   8            */
   9          
  10          unsigned char Key()
  11          {
  12   1              unsigned char KeyNumber = 0;
  13   1              
  14   1              if(P3_1 == 0)
  15   1              {
  16   2                      Delay(20);
  17   2                      while(P3_1 == 0);
  18   2                      Delay(20);
  19   2                      KeyNumber = 1;
  20   2              }
  21   1              else if(P3_0 == 0)
  22   1              {
  23   2                      Delay(20);
  24   2                      while(P3_0 == 0);
  25   2                      Delay(20);
  26   2                      KeyNumber = 2;
  27   2              }
  28   1              else if(P3_2 == 0)
  29   1              {
  30   2                      Delay(20);
  31   2                      while(P3_2 == 0);
  32   2                      Delay(20);
  33   2                      KeyNumber = 3;
  34   2              }else if(P3_3 == 0)
  35   1              {
  36   2                      Delay(20);
  37   2                      while(P3_3 == 0);
  38   2                      Delay(20);
  39   2                      KeyNumber = 4 ;
  40   2              }
  41   1              return KeyNumber;
  42   1      }


MODULE INFORMATION:   STATIC OVERLAYABLE
   CODE SIZE        =    103    ----
   CONSTANT SIZE    =   ----    ----
   XDATA SIZE       =   ----    ----
   PDATA SIZE       =   ----    ----
   DATA SIZE        =   ----       1
   IDATA SIZE       =   ----    ----
   BIT SIZE         =   ----    ----
END OF MODULE INFORMATION.


C51 COMPILATION COMPLETE.  0 WARNING(S),  0 ERROR(S)
