C51 COMPILER V9.60.7.0   MAIN                                                              06/04/2024 22:00:35 PAGE 1   


C51 COMPILER V9.60.7.0, COMPILATION OF MODULE MAIN
OBJECT MODULE PLACED IN .\Objects\main.obj
COMPILER INVOKED BY: C:\Users\a111\Documents\keil\C51\BIN\C51.EXE main.c OPTIMIZE(8,SPEED) BROWSE DEBUG OBJECTEXTEND PRI
                    -NT(.\Listings\main.lst) OBJECT(.\Objects\main.obj)

line level    source

   1          #include <REGX52.H>
   2          #include "Delay.h"
   3          #include "UART.h"
   4          
   5          unsigned char sec;
   6          
   7          void main ()
   8          {
   9   1              UART_Init();
  10   1              UART_SendByte('B');
  11   1              UART_SendByte(0x3a);
  12   1              while(1)
  13   1              { 
  14   2                      
  15   2              }
  16   1      }
  17          
  18          void UART_Routine() interrupt 4
  19          {
  20   1              if(RI == 1)
  21   1              {
  22   2                      P2 = SBUF;
  23   2                      UART_SendByte(SBUF);
  24   2                      RI = 0;
  25   2              }
  26   1              
  27   1      }


MODULE INFORMATION:   STATIC OVERLAYABLE
   CODE SIZE        =     84    ----
   CONSTANT SIZE    =   ----    ----
   XDATA SIZE       =   ----    ----
   PDATA SIZE       =   ----    ----
   DATA SIZE        =      1    ----
   IDATA SIZE       =   ----    ----
   BIT SIZE         =   ----    ----
END OF MODULE INFORMATION.


C51 COMPILATION COMPLETE.  0 WARNING(S),  0 ERROR(S)
