C51 COMPILER V9.60.7.0   MAIN                                                              06/21/2024 18:45:38 PAGE 1   


C51 COMPILER V9.60.7.0, COMPILATION OF MODULE MAIN
OBJECT MODULE PLACED IN .\Objects\main.obj
COMPILER INVOKED BY: C:\Users\a111\Documents\keil\C51\BIN\C51.EXE main.c OPTIMIZE(8,SPEED) BROWSE DEBUG OBJECTEXTEND PRI
                    -NT(.\Listings\main.lst) OBJECT(.\Objects\main.obj)

line level    source

   1          #include <REGX52.H>
   2          #include "Delay.h"
   3          
   4          sbit RCK = P3^5;        //ËøôÈáåRCKÁ≠â‰∫éÂéüÁêÜÂõæ‰∏≠ÁöÑRCLK
   5          sbit SCK = P3^6 ;       //ËøôÈáåSCKÁ≠â‰∫éÂéüÁêÜÂõæ‰∏≠ÁöÑSRCLK
   6          sbit SER = P3^4;
   7          
   8          #define MATRIX_LED_PORT         P0
   9          
  10          /**
  11            * @brief  74HC595ÂÜôÂÖ•‰∏Ä‰∏™Â≠óËäÇ
  12            * @param  ByteÊòØÂÜôÂÖ•ÁöÑÂ≠óËäÇ
  13            * @retval Êó†
  14            */
  15          
  16          void _74HC595_WriteByte(unsigned char Byte)
  17          {
  18   1              unsigned char i; 
  19   1              for(i = 0;i < 8;i++)
  20   1              {
  21   2                      SER = Byte & (0x80 >> i);       //SERÊòØ‰∏Ä‰∏™‰∏Ä‰ΩçÁöÑÊï∞ÊçÆÔºåByte‰∏é0x80Ôºà1000 0000ÔºâËøõË°å‰∏éËøêÁÆóÊó∂Ôº
             -åÂ∞±Áõ∏ÂΩì‰∫éÂèñÂá∫‰∫ÜÊúÄÈ´ò‰ΩçÁöÑÊï∞Â≠óÔºåÂÖ∂‰ªñÁöÑÈÉΩÊòØ0
  22   2                      SCK = 1;
  23   2                      SCK = 0;
  24   2              }
  25   1              RCK = 1;
  26   1              RCK = 0;
  27   1      }
  28          
  29          /**
  30          * @brief  LEDÁÇπÈòµÂ±èÊòæÁ§∫‰∏ÄÂàóÊï∞ÊçÆ
  31            * @param  ColumnÊòØË¶ÅÈÄâÊã©ÁöÑÂàóÔºåËåÉÂõ¥ÊòØÔºö0~7Ôºå0Âú®ÊúÄÂ∑¶Èù¢
  32            * @param  DataÈÄâÊã©ÂàóÊòæÁ§∫ÁöÑÊï∞ÊçÆÔºåÈ´ò‰ΩçÂú®‰∏äÔºå1‰∏∫‰∫ÆÔºå0‰∏∫ÁÅ≠
  33            * @retval Êó†
  34            */
  35          
  36          void MatrixLED_ShowColumn(unsigned char Column, Data)
  37          {
  38   1              _74HC595_WriteByte(Data);
  39   1              MATRIX_LED_PORT = ~(0x80 >> Column);
  40   1              Delay(1);
  41   1              MATRIX_LED_PORT = 0xFF;
  42   1      }
  43          
  44          void main ()
  45          {
  46   1              SCK = 0;
  47   1              RCK = 0; 
  48   1              while(1)
  49   1              {
  50   2                      MatrixLED_ShowColumn(0, 0x3C);  //0 0 1 1 1 1 0 0
  51   2                      MatrixLED_ShowColumn(1, 0x42);  //0 1 0 0 0 0 1 0
  52   2                      MatrixLED_ShowColumn(2, 0xA9);  //1 0 1 0 0 1 0 1
  53   2                      MatrixLED_ShowColumn(3, 0x85);  //1 0 0 0 0 0 0 1
C51 COMPILER V9.60.7.0   MAIN                                                              06/21/2024 18:45:38 PAGE 2   

  54   2                      MatrixLED_ShowColumn(4, 0x85);  //1 0 1 0 0 1 0 1
  55   2                      MatrixLED_ShowColumn(5, 0xA9);  //1 0 0 1 1 0 0 1
  56   2                      MatrixLED_ShowColumn(6, 0x42);  //0 1 0 0 0 0 1 0
  57   2                      MatrixLED_ShowColumn(7, 0x3C);  //0 0 1 1 1 1 0 0
  58   2              }
  59   1      }


MODULE INFORMATION:   STATIC OVERLAYABLE
   CODE SIZE        =    157    ----
   CONSTANT SIZE    =   ----    ----
   XDATA SIZE       =   ----    ----
   PDATA SIZE       =   ----    ----
   DATA SIZE        =   ----    ----
   IDATA SIZE       =   ----    ----
   BIT SIZE         =   ----    ----
END OF MODULE INFORMATION.


C51 COMPILATION COMPLETE.  0 WARNING(S),  0 ERROR(S)
