C51 COMPILER V9.60.7.0   MAIN                                                              06/23/2024 12:23:01 PAGE 1   


C51 COMPILER V9.60.7.0, COMPILATION OF MODULE MAIN
OBJECT MODULE PLACED IN .\Objects\main.obj
COMPILER INVOKED BY: C:\Users\a111\Documents\keil\C51\BIN\C51.EXE main.c OPTIMIZE(8,SPEED) BROWSE DEBUG OBJECTEXTEND PRI
                    -NT(.\Listings\main.lst) OBJECT(.\Objects\main.obj)

line level    source

   1          #include <REGX52.H>
   2          #include "LCD1602.h"
   3          #include "DS1302.h" 
   4          #include "Key.h"
   5          #include "Timer0.h" 
   6          
   7          unsigned char KeyNum, MODE, TimeSetSelect, TimeSetFlashFlag;
   8          
   9          void TimeShow(void)
  10          {
  11   1              DS1302_ReadTime();
  12   1              LCD_ShowNum(1, 1, DS1302_Time[0], 2);
  13   1              LCD_ShowNum(1, 4, DS1302_Time[1], 2);
  14   1              LCD_ShowNum(1, 7, DS1302_Time[2], 2);
  15   1              LCD_ShowNum(2, 1, DS1302_Time[3], 2);
  16   1              LCD_ShowNum(2, 4, DS1302_Time[4], 2);
  17   1              LCD_ShowNum(2, 7, DS1302_Time[5], 2);
  18   1      }
  19          
  20          void TimeSet(void)
  21          {
  22   1              if(KeyNum == 2)
  23   1              {
  24   2                      TimeSetSelect++;
  25   2                      TimeSetSelect %= 6;
  26   2              }
  27   1              if(KeyNum == 3)
  28   1              {
  29   2                      DS1302_Time[TimeSetSelect]++;
  30   2                      if(DS1302_Time[0]>99) {DS1302_Time[0] = 0;}
  31   2                      if(DS1302_Time[1]>12) {DS1302_Time[1] = 1;}
  32   2                      if (DS1302_Time[1] == 1 || DS1302_Time[1] == 3 || DS1302_Time[1] == 5 || 
  33   2                              DS1302_Time[1] == 7 || DS1302_Time[1] == 8 || DS1302_Time[1] == 10 || 
  34   2                              DS1302_Time[1] == 12)
  35   2                      {
  36   3                              if(DS1302_Time[2]>31) {DS1302_Time[2] = 1;}
  37   3                      }
  38   2                      else if(DS1302_Time[1] == 4 || DS1302_Time[1] == 6 || DS1302_Time[1] == 9 || 
  39   2                                      DS1302_Time[1] == 11)
  40   2                      {
  41   3                              if(DS1302_Time[2]>30) {DS1302_Time[2] = 1;}
  42   3                      }
  43   2                      else if(DS1302_Time[1] == 2)
  44   2                      {
  45   3                              if(DS1302_Time[0] % 4 == 0)
  46   3                              {
  47   4                                      if(DS1302_Time[2]>29) {DS1302_Time[2] = 1;}
  48   4                              }
  49   3                              else
  50   3                              {
  51   4                                      if(DS1302_Time[2]>28) {DS1302_Time[2] = 1;}
  52   4                              }
  53   3                      }
  54   2                      if(DS1302_Time[3]>23) {DS1302_Time[3] = 0;}
C51 COMPILER V9.60.7.0   MAIN                                                              06/23/2024 12:23:01 PAGE 2   

  55   2                      if(DS1302_Time[4]>59) {DS1302_Time[4] = 0;}
  56   2                      if(DS1302_Time[5]>59) {DS1302_Time[5] = 0;}                     
  57   2              }
  58   1              if(KeyNum == 4)
  59   1              {
  60   2                      DS1302_Time[TimeSetSelect]--;
  61   2                      if(DS1302_Time[0] < 0) {DS1302_Time[0] = 99;}
  62   2                      if(DS1302_Time[1] < 1) {DS1302_Time[1] = 12;}
  63   2                      if (DS1302_Time[1] == 1 || DS1302_Time[1] == 3 || DS1302_Time[1] == 5 || 
  64   2                              DS1302_Time[1] == 7 || DS1302_Time[1] == 8 || DS1302_Time[1] == 10 || 
  65   2                              DS1302_Time[1] == 12)
  66   2                      {
  67   3                              if(DS1302_Time[2] < 1) {DS1302_Time[2] = 31;}
  68   3                              if(DS1302_Time[2]>31) {DS1302_Time[2] = 1;}
  69   3                      }
  70   2                      else if(DS1302_Time[1] == 4 || DS1302_Time[1] == 6 || DS1302_Time[1] == 9 || 
  71   2                                      DS1302_Time[1] == 11)
  72   2                      {
  73   3                              if(DS1302_Time[2] < 1) {DS1302_Time[2] = 30;}
  74   3                              if(DS1302_Time[2] > 30) {DS1302_Time[2] = 1;}
  75   3                      }
  76   2                      else if(DS1302_Time[1] == 2)
  77   2                      {
  78   3                              if(DS1302_Time[0] % 4 == 0)
  79   3                              {
  80   4                                      if(DS1302_Time[2] < 1) {DS1302_Time[2] = 29;}
  81   4                                      if(DS1302_Time[2]>29) {DS1302_Time[2] = 1;}
  82   4                              }
  83   3                              else
  84   3                              {
  85   4                                      if(DS1302_Time[2] < 1) {DS1302_Time[2] = 28;}
  86   4                                      if(DS1302_Time[2]>28) {DS1302_Time[2] = 1;}
  87   4                              }
  88   3                      }
  89   2                      if(DS1302_Time[3] < 0) {DS1302_Time[3] = 23;}
  90   2                      if(DS1302_Time[4] < 0) {DS1302_Time[4] = 59;}
  91   2                      if(DS1302_Time[5] < 0) {DS1302_Time[5] = 59;}                   
  92   2              }
  93   1              if(TimeSetSelect == 0 && TimeSetFlashFlag == 1) {LCD_ShowString(1, 1, "  ");}
  94   1              else {LCD_ShowNum(1, 1, DS1302_Time[0], 2);}
  95   1              if(TimeSetSelect == 1 && TimeSetFlashFlag == 1) {LCD_ShowString(1, 4, "  ");}
  96   1              else {LCD_ShowNum(1, 4, DS1302_Time[1], 2);}
  97   1              if(TimeSetSelect == 2 && TimeSetFlashFlag == 1) {LCD_ShowString(1, 7, "  ");}
  98   1              else {LCD_ShowNum(1, 7, DS1302_Time[2], 2);}
  99   1              if(TimeSetSelect == 3 && TimeSetFlashFlag == 1) {LCD_ShowString(2, 1, "  ");}
 100   1              else {LCD_ShowNum(2, 1, DS1302_Time[3], 2);}
 101   1              if(TimeSetSelect == 4 && TimeSetFlashFlag == 1) {LCD_ShowString(2, 4, "  ");}
 102   1              else {LCD_ShowNum(2, 4, DS1302_Time[4], 2);}
 103   1              if(TimeSetSelect == 5 && TimeSetFlashFlag == 1) {LCD_ShowString(2, 7, "  ");}
 104   1              else {LCD_ShowNum(2, 7, DS1302_Time[5], 2);}
 105   1      }
 106          
 107          void main()
 108          {
 109   1              LCD_Init();
 110   1              DS1302_Init();
 111   1              Timer0_Init();
 112   1              LCD_ShowString(1, 1, "  -  -  ");
 113   1              LCD_ShowString(2, 1, "  :  :  ");
 114   1              
 115   1              DS1302_SetTime();
 116   1              
C51 COMPILER V9.60.7.0   MAIN                                                              06/23/2024 12:23:01 PAGE 3   

 117   1              while(1)
 118   1              {
 119   2                      KeyNum = Key();
 120   2                      if(KeyNum == 1)
 121   2                      {     
 122   3                              if(MODE == 0) {MODE = 1;TimeSetSelect = 0;}
 123   3                              else if(MODE == 1) {MODE = 0;DS1302_SetTime();}
 124   3                      }
 125   2                      switch(MODE)
 126   2                      {
 127   3                              case 0: TimeShow();break;
 128   3                              case 1: TimeSet();break;
 129   3                      }
 130   2                      
 131   2              }
 132   1      }
 133          
 134          void Timer0_Routine() interrupt 1
 135          {
 136   1              static unsigned int T0Count;
 137   1              TL0 = 0x66;             //设置定时初值
 138   1              TH0 = 0xFC;             //设置定时初值
 139   1              T0Count++;
 140   1              if(T0Count >= 500)
 141   1              {
 142   2                      T0Count = 0;
 143   2                      TimeSetFlashFlag =! TimeSetFlashFlag;
 144   2              }
 145   1      }
 146          


MODULE INFORMATION:   STATIC OVERLAYABLE
   CODE SIZE        =    969    ----
   CONSTANT SIZE    =     21    ----
   XDATA SIZE       =   ----    ----
   PDATA SIZE       =   ----    ----
   DATA SIZE        =      6    ----
   IDATA SIZE       =   ----    ----
   BIT SIZE         =   ----    ----
END OF MODULE INFORMATION.


C51 COMPILATION COMPLETE.  0 WARNING(S),  0 ERROR(S)
