C51 COMPILER V9.60.7.0   IR                                                                07/01/2024 18:15:08 PAGE 1   


C51 COMPILER V9.60.7.0, COMPILATION OF MODULE IR
OBJECT MODULE PLACED IN .\Objects\IR.obj
COMPILER INVOKED BY: C:\Users\a111\Documents\keil\C51\BIN\C51.EXE IR.c OPTIMIZE(8,SPEED) BROWSE DEBUG OBJECTEXTEND PRINT
                    -(.\Listings\IR.lst) OBJECT(.\Objects\IR.obj)

line level    source

   1          #include <REGX52.H>
   2          #include "Timer0.h"
   3          #include "Int0.h"
   4           
   5          unsigned int IR_Time;
   6          unsigned char IR_State;
   7          
   8          unsigned char IR_Data[4];
   9          unsigned char IR_pData;
  10          
  11          unsigned char IR_DataFlag;
  12          unsigned char IR_RepeatFlag;
  13          unsigned char IR_Address;
  14          unsigned char IR_Command;
  15          
  16          
  17          void IR_Init(void)
  18          {
  19   1              Timer0_Init();
  20   1              Int0_Init();
  21   1      }
  22          
  23          unsigned char IR_GetDataFlag(void)
  24          {
  25   1              if(IR_DataFlag)
  26   1              {
  27   2                      IR_DataFlag = 0;
  28   2                      return 1;
  29   2              }
  30   1              return 0;
  31   1      }
  32          
  33          unsigned char IR_GetRepeatFlag(void)
  34          {
  35   1              if(IR_RepeatFlag)
  36   1              {
  37   2                      IR_RepeatFlag = 0;
  38   2                      return 1;
  39   2              }
  40   1              return 0;       
  41   1      }
  42          
  43          unsigned char IR_GetAddress(void)
  44          {
  45   1              return IR_Address;
  46   1      }
  47          
  48          unsigned char IR_GetCommand(void)
  49          {
  50   1              return IR_Command;
  51   1      }
  52          
  53          void Int0_Routine(void) interrupt 0
  54          {
C51 COMPILER V9.60.7.0   IR                                                                07/01/2024 18:15:08 PAGE 2   

  55   1              if(IR_State == 0)
  56   1              {
  57   2                      Timer0_SetCounter(0);
  58   2                      Timer0_Run(1);
  59   2                      IR_State = 1;
  60   2              }
  61   1              else if(IR_State == 1)
  62   1              {
  63   2                      IR_Time = Timer0_GetCounter();
  64   2                      Timer0_SetCounter(0);
  65   2                      if(IR_Time > (13000 - 500) && IR_Time < (13500 + 500))
  66   2                      {
  67   3                              IR_State = 2;
  68   3                      }
  69   2                      else if(IR_Time > (10750 - 500) && IR_Time < (10750 + 500))
  70   2                      {
  71   3                              IR_RepeatFlag = 1;
  72   3                              Timer0_Run(0);
  73   3                              IR_State = 0;
  74   3                      }
  75   2                      else
  76   2                      {
  77   3                              IR_State = 1;
  78   3                      }
  79   2              }
  80   1              else if(IR_State == 2)
  81   1              {
  82   2                      IR_Time = Timer0_GetCounter();
  83   2                      Timer0_SetCounter(0);
  84   2                      if(IR_Time > (1120 - 500) && IR_Time < (1120 + 500))
  85   2                      {
  86   3                              IR_Data[IR_pData/8] &= ~(0x01<<(IR_pData%8));
  87   3                              IR_pData++;
  88   3                      }
  89   2                      else if(IR_Time > (2250 - 500) && IR_Time < (2250 + 500))
  90   2                      {
  91   3                              IR_Data[IR_pData/8] |= (0x01<<(IR_pData%8));
  92   3                              IR_pData++;                     
  93   3                      }
  94   2                      else
  95   2                      {
  96   3                              IR_State = 1;
  97   3                              IR_pData = 0;
  98   3                      }
  99   2                      if(IR_pData >= 32)
 100   2                      {
 101   3                              IR_pData = 0;
 102   3                              if((IR_Data[0] == ~IR_Data[1]) && (IR_Data[2] == ~IR_Data[3]))
 103   3                              {
 104   4                                      IR_Address = IR_Data[0];
 105   4                                      IR_Command = IR_Data[2];
 106   4                                      IR_DataFlag = 1;                
 107   4                              }
 108   3                              Timer0_Run(0);
 109   3                              IR_State = 0;
 110   3                      }
 111   2              }
 112   1      }


MODULE INFORMATION:   STATIC OVERLAYABLE
   CODE SIZE        =    368    ----
C51 COMPILER V9.60.7.0   IR                                                                07/01/2024 18:15:08 PAGE 3   

   CONSTANT SIZE    =   ----    ----
   XDATA SIZE       =   ----    ----
   PDATA SIZE       =   ----    ----
   DATA SIZE        =     12    ----
   IDATA SIZE       =   ----    ----
   BIT SIZE         =   ----    ----
END OF MODULE INFORMATION.


C51 COMPILATION COMPLETE.  0 WARNING(S),  0 ERROR(S)
