C51 COMPILER V9.60.7.0   MAIN                                                              07/01/2024 19:47:56 PAGE 1   


C51 COMPILER V9.60.7.0, COMPILATION OF MODULE MAIN
OBJECT MODULE PLACED IN .\Objects\main.obj
COMPILER INVOKED BY: C:\Users\a111\Documents\keil\C51\BIN\C51.EXE main.c OPTIMIZE(8,SPEED) BROWSE DEBUG OBJECTEXTEND PRI
                    -NT(.\Listings\main.lst) OBJECT(.\Objects\main.obj)

line level    source

   1          #include <REGX52.H>
   2          #include "Delay.h"
   3          #include "LCD1602.h"
   4          #include "IR.h"
   5          
   6          unsigned char Num;
   7          unsigned char Address;
   8          unsigned char Command;
   9          
  10          void main()
  11          {
  12   1              LCD_Init();
  13   1              LCD_ShowString(1, 1, "ADDR  CMD  NUM");
  14   1              LCD_ShowString(2, 1, "00    00   000");
  15   1              
  16   1              IR_Init();
  17   1              
  18   1              while(1)
  19   1              {
  20   2                      if(IR_GetDataFlag() || IR_GetRepeatFlag())
  21   2                      {
  22   3                              Address = IR_GetAddress();
  23   3                              Command = IR_GetCommand();
  24   3                              
  25   3                              LCD_ShowHexNum(2, 1 ,Address, 2);
  26   3                              LCD_ShowHexNum(2, 7 ,Command, 2);
  27   3                              
  28   3                              if(Command == IR_VOL_MINUS)
  29   3                              {
  30   4                                      Num--;
  31   4                              }
  32   3                              if(Command == IR_VOL_ADD)
  33   3                              {
  34   4                                      Num++;
  35   4                              }
  36   3                              LCD_ShowNum(2, 12, Num, 3);
  37   3                      }
  38   2              }
  39   1      }


MODULE INFORMATION:   STATIC OVERLAYABLE
   CODE SIZE        =    115    ----
   CONSTANT SIZE    =     30    ----
   XDATA SIZE       =   ----    ----
   PDATA SIZE       =   ----    ----
   DATA SIZE        =      3    ----
   IDATA SIZE       =   ----    ----
   BIT SIZE         =   ----    ----
END OF MODULE INFORMATION.


C51 COMPILATION COMPLETE.  0 WARNING(S),  0 ERROR(S)
