C51 COMPILER V9.60.7.0   KEY                                                               06/24/2024 23:36:46 PAGE 1   


C51 COMPILER V9.60.7.0, COMPILATION OF MODULE KEY
OBJECT MODULE PLACED IN .\Objects\Key.obj
COMPILER INVOKED BY: C:\Users\a111\Documents\keil\C51\BIN\C51.EXE Key.c OPTIMIZE(8,SPEED) BROWSE DEBUG OBJECTEXTEND PRIN
                    -T(.\Listings\Key.lst) OBJECT(.\Objects\Key.obj)

line level    source

   1          #include <REGX52.H>
   2          #include "Delay.h"
   3          
   4          unsigned char Key_KeyNumber;
   5          
   6          unsigned char Key(void)
   7          {
   8   1              unsigned char Temp;
   9   1              Temp = Key_KeyNumber;
  10   1              Key_KeyNumber = 0;
  11   1              return Temp;
  12   1      }
  13          
  14          /**
  15            * @brief  获取独立按键键码
  16            * @param  无
  17            * @retval 返回按下按键的键码，范围0~4，无按键按下时返回值为0
  18            */
  19          unsigned char Key_GetState()
  20          {
  21   1              unsigned char KeyNumber = 0;
  22   1              
  23   1              if(P3_1 == 0)
  24   1              {
  25   2                      KeyNumber = 1;
  26   2              }
  27   1              else if(P3_0 == 0)
  28   1              {
  29   2                      KeyNumber = 2;
  30   2              }
  31   1              else if(P3_2 == 0)
  32   1              {
  33   2                      KeyNumber = 3;
  34   2              }else if(P3_3 == 0)
  35   1              {
  36   2                      KeyNumber = 4 ;
  37   2              }
  38   1              return KeyNumber;
  39   1      }
  40          
  41          void Key_Loop(void)
  42          {
  43   1              static unsigned char NowState, LastState;
  44   1              LastState = NowState;
  45   1              NowState = Key_GetState();
  46   1              if(LastState == 1 && NowState == 0)     //当设置为1 0的时候，是松开按键触发，而当设置为0
             - 1的时候是按下按键触发
  47   1              {
  48   2                      Key_KeyNumber = 1;
  49   2              }
  50   1              if(LastState == 2 && NowState == 0)
  51   1              {
  52   2                      Key_KeyNumber = 2;
  53   2              }
C51 COMPILER V9.60.7.0   KEY                                                               06/24/2024 23:36:46 PAGE 2   

  54   1              if(LastState == 3 && NowState == 0)
  55   1              {
  56   2                      Key_KeyNumber = 3;
  57   2              }
  58   1              if(LastState == 4 && NowState == 0)
  59   1              {
  60   2                      Key_KeyNumber = 4;
  61   2              }
  62   1      }


MODULE INFORMATION:   STATIC OVERLAYABLE
   CODE SIZE        =     88    ----
   CONSTANT SIZE    =   ----    ----
   XDATA SIZE       =   ----    ----
   PDATA SIZE       =   ----    ----
   DATA SIZE        =      3    ----
   IDATA SIZE       =   ----    ----
   BIT SIZE         =   ----    ----
END OF MODULE INFORMATION.


C51 COMPILATION COMPLETE.  0 WARNING(S),  0 ERROR(S)
