C51 COMPILER V9.60.7.0   MAIN                                                              06/22/2024 09:52:16 PAGE 1   


C51 COMPILER V9.60.7.0, COMPILATION OF MODULE MAIN
OBJECT MODULE PLACED IN .\Objects\main.obj
COMPILER INVOKED BY: C:\Users\a111\Documents\keil\C51\BIN\C51.EXE main.c OPTIMIZE(8,SPEED) BROWSE DEBUG OBJECTEXTEND PRI
                    -NT(.\Listings\main.lst) OBJECT(.\Objects\main.obj)

line level    source

   1          #include <REGX52.H>
   2          #include "Delay.h"
   3          #include "MatrixLED.h"
   4          #include "Timer0.h"
   5          
   6          unsigned char code Animition[] = {
   7                  0x00,0x0E,0x1B,0x7F,0x7F,0x1B,0x0E,0x00,
   8                  0x00,0x04,0x0C,0x18,0x7F,0x7F,0x1B,0x0E,
   9                  0x00,0x08,0x0C,0x05,0x7F,0x7F,0x1E,0x0C,
  10                  0xC0,0x00,0x41,0x22,0x1A,0x7C,0x7D,0x1A,
  11                  0x00,0x60,0x61,0x12,0x0A,0x7E,0x7F,0x08,
  12                  0x00,0x06,0x0E,0x08,0x0B,0x3E,0x3E,0x0B,
  13                  0x00,0x03,0x0B,0x08,0x0B,0x3E,0x3E,0x0B,
  14                  0x00,0x06,0x0E,0x08,0x09,0x3F,0x3E,0x0B,
  15                  0x00,0x0E,0x13,0x7E,0x7E,0x1F,0x0E,0x00,
  16                  0x08,0x13,0x7E,0x7E,0x12,0x1D,0x0C,0x00,
  17                  0x09,0x12,0x7E,0x7F,0x10,0x13,0x03,0x00,
  18                  0x09,0x12,0x7E,0x7F,0x10,0x1C,0x0C,0x00,
  19                  0x00,0x0C,0x15,0x7E,0x7E,0x17,0x0E,0x00,
  20                  0x00,0x30,0x38,0x0D,0x7E,0x7F,0x1D,0x08,
  21                  0xC0,0xC0,0x30,0x1B,0x7C,0x7F,0x08,0x00,
  22                  0x00,0x00,0x37,0xF8,0xFA,0x34,0x00,0x00,
  23                  0x00,0x00,0x1B,0x7C,0x7C,0x1A,0x01,0x00,
  24                  0x00,0x00,0x09,0x1E,0x7C,0x7F,0x18,0x00,
  25                  0x00,0x00,0x1B,0x7C,0x7C,0x1B,0x00,0x00,
  26                  0x00,0x00,0x09,0x1E,0x7C,0x7F,0x18,0x00,
  27                  0x00,0x00,0x1B,0x7C,0x7C,0x1B,0x00,0x00,
  28                  0x08,0x10,0x16,0x7C,0x7F,0x10,0x08,0x00,
  29                  0x00,0x10,0x13,0x7C,0x7E,0x18,0x00,0x00,
  30                  0x00,0x08,0x13,0x7C,0x7F,0x10,0x10,0x00,
  31                  0x00,0x08,0x12,0xFC,0xFD,0x3A,0x00,0x00,
  32                  0x00,0x08,0x12,0xFC,0xFC,0x22,0x10,0x00,
  33                  0x00,0x00,0x61,0x12,0x7C,0x7F,0x10,0x60,
  34                  0x00,0x00,0x20,0x11,0x12,0x7C,0x7E,0x19,
  35                  0x00,0x00,0x00,0x31,0x0A,0x7C,0x7E,0x0D,
  36                  0x00,0x00,0x20,0x11,0x12,0x7C,0x7E,0x19,
  37                  0x00,0x00,0x00,0x31,0x0A,0x7C,0x7E,0x0D,
  38                  0x00,0x00,0x20,0x11,0x12,0x7C,0x7E,0x19,
  39                  0x00,0x00,0x00,0x31,0x0A,0x7C,0x7E,0x0D,
  40                  0x00,0x00,0x20,0x11,0x12,0x7C,0x7E,0x19,
  41                  0x00,0x00,0x00,0x31,0x0A,0x7C,0x7E,0x0D, 
  42                  0x00,0x00,0x37,0x78,0xF8,0xB6,0x00,0x00,
  43                  0x00,0x20,0x7f,0xf8,0xb4,0x02,0x01,0x00,
  44                  0x00,0x00,0x19,0x3e,0x7c,0x54,0x03,0x00,
  45                  0x00,0x00,0x01,0x02,0x1c,0x3c,0x7b,0x58,
  46                  0x00,0x00,0x19,0x3e,0x7c,0x54,0x03,0x00,
  47                  0x00,0x20,0x7f,0xf8,0xb4,0x02,0x01,0x00,
  48                  0x00,0x00,0x23,0x7c,0xf8,0xb6,0x01,0x00,
  49                  0x00,0x00,0x01,0x02,0x24,0x78,0xff,0xb0,
  50                  0x00,0x20,0x7f,0xf8,0xb4,0x02,0x01,0x00,
  51                  0x00,0x00,0x19,0x3e,0x7c,0x54,0x03,0x00,
  52                  0x00,0x00,0x01,0x02,0x1c,0x3c,0x7b,0x58,
  53                  0x00,0x00,0x19,0x3e,0x7c,0x54,0x03,0x00,
  54                  0x00,0x20,0x7f,0xf8,0xb4,0x02,0x01,0x00,
C51 COMPILER V9.60.7.0   MAIN                                                              06/22/2024 09:52:16 PAGE 2   

  55                  0x00,0x00,0x23,0x7c,0xf8,0xb6,0x01,0x00,
  56                  0x00,0x00,0x01,0x02,0x24,0x78,0xff,0xb0,
  57                  0x00,0x20,0x7f,0xf8,0xb4,0x02,0x01,0x00,
  58                  0x00,0x00,0x19,0x3e,0x7c,0x54,0x03,0x00,
  59                  0x00,0x00,0x01,0x02,0x1c,0x3c,0x7b,0x58,
  60                  0x00,0x00,0x19,0x3e,0x7c,0x54,0x03,0x00,
  61                  0x00,0x20,0x7f,0xf8,0xb4,0x02,0x01,0x00,
  62                  0x00,0x00,0x23,0x7c,0xf8,0xb6,0x01,0x00,
  63                  0x00,0x00,0x01,0x02,0x24,0x78,0xff,0xb0
  64          };
  65          unsigned int Offset;
  66          
  67          
  68          void main ()
  69          {
  70   1              unsigned char i;
  71   1              MatrixLED_Init();
  72   1              Timer0_Init();
  73   1              while(1)
  74   1              {
  75   2                      for(i = 0;i < 8;i++)
  76   2                      {       
  77   3                              MatrixLED_ShowColumn(i, Animition[i + Offset]); //0 0 1 1 1 1 0 0
  78   3                      }
  79   2              }
  80   1      }
  81          
  82          void Timer0_Routine() interrupt 1
  83          {
  84   1              static unsigned int T0Count;
  85   1              TL0 = 0x66;             //设置定时初值
  86   1              TH0 = 0xFC;             //设置定时初值
  87   1              T0Count++;
  88   1              if(T0Count >= 100)
  89   1              {
  90   2                      T0Count = 0;
  91   2                      if(Offset >= 456) 
  92   2                      {       
  93   3                              Offset = 0;
  94   3                      }
  95   2                      else
  96   2                      {
  97   3                              Offset = Offset + 8 ;
  98   3                      }
  99   2              }
 100   1      }


MODULE INFORMATION:   STATIC OVERLAYABLE
   CODE SIZE        =    118    ----
   CONSTANT SIZE    =    456    ----
   XDATA SIZE       =   ----    ----
   PDATA SIZE       =   ----    ----
   DATA SIZE        =      4       1
   IDATA SIZE       =   ----    ----
   BIT SIZE         =   ----    ----
END OF MODULE INFORMATION.


C51 COMPILATION COMPLETE.  0 WARNING(S),  0 ERROR(S)
