C51 COMPILER V9.60.7.0   MATRIXLED                                                         06/22/2024 09:51:41 PAGE 1   


C51 COMPILER V9.60.7.0, COMPILATION OF MODULE MATRIXLED
OBJECT MODULE PLACED IN .\Objects\MatrixLED.obj
COMPILER INVOKED BY: C:\Users\a111\Documents\keil\C51\BIN\C51.EXE MatrixLED.c OPTIMIZE(8,SPEED) BROWSE DEBUG OBJECTEXTEN
                    -D PRINT(.\Listings\MatrixLED.lst) OBJECT(.\Objects\MatrixLED.obj)

line level    source

   1          #include <REGX52.H>
   2          #include "Delay.h"
   3          
   4          sbit RCK = P3^5;        //ËøôÈáåRCKÁ≠â‰∫éÂéüÁêÜÂõæ‰∏≠ÁöÑRCLK
   5          sbit SCK = P3^6 ;       //ËøôÈáåSCKÁ≠â‰∫éÂéüÁêÜÂõæ‰∏≠ÁöÑSRCLK
   6          sbit SER = P3^4;
   7          
   8          #define MATRIX_LED_PORT         P0
   9          
  10          /**
  11            * @brief  74HC595ÂÜôÂÖ•‰∏Ä‰∏™Â≠óËäÇ
  12            * @param  ByteÊòØÂÜôÂÖ•ÁöÑÂ≠óËäÇ
  13            * @retval Êó†
  14            */
  15          
  16          void _74HC595_WriteByte(unsigned char Byte)
  17          {
  18   1              unsigned char i; 
  19   1              for(i = 0;i < 8;i++)
  20   1              {
  21   2                      SER = Byte & (0x80 >> i);       //SERÊòØ‰∏Ä‰∏™‰∏Ä‰ΩçÁöÑÊï∞ÊçÆÔºåByte‰∏é0x80Ôºà1000 0000ÔºâËøõË°å‰∏éËøêÁÆóÊó∂Ôº
             -åÂ∞±Áõ∏ÂΩì‰∫éÂèñÂá∫‰∫ÜÊúÄÈ´ò‰ΩçÁöÑÊï∞Â≠óÔºåÂÖ∂‰ªñÁöÑÈÉΩÊòØ0
  22   2                      SCK = 1;
  23   2                      SCK = 0;
  24   2              }
  25   1              RCK = 1;
  26   1              RCK = 0;
  27   1      }
  28          
  29          /**
  30            * @brief  ÁÇπÈòµÂ±èÂàùÂßãÂåñ
  31            * @param  Êó†
  32            * @retval Êó†
  33            */
  34          
  35          void MatrixLED_Init()
  36          {
  37   1              SCK = 0;
  38   1              RCK = 0; 
  39   1      }
  40          
  41          /**
  42          * @brief  LEDÁÇπÈòµÂ±èÊòæÁ§∫‰∏ÄÂàóÊï∞ÊçÆ
  43            * @param  ColumnÊòØË¶ÅÈÄâÊã©ÁöÑÂàóÔºåËåÉÂõ¥ÊòØÔºö0~7Ôºå0Âú®ÊúÄÂ∑¶Èù¢
  44            * @param  DataÈÄâÊã©ÂàóÊòæÁ§∫ÁöÑÊï∞ÊçÆÔºåÈ´ò‰ΩçÂú®‰∏äÔºå1‰∏∫‰∫ÆÔºå0‰∏∫ÁÅ≠
  45            * @retval Êó†
  46            */
  47          
  48          void MatrixLED_ShowColumn(unsigned char Column, Data)
  49          {
  50   1              _74HC595_WriteByte(Data);
  51   1              MATRIX_LED_PORT = ~(0x80 >> Column);
  52   1              Delay(1);
  53   1              MATRIX_LED_PORT = 0xFF;
C51 COMPILER V9.60.7.0   MATRIXLED                                                         06/22/2024 09:51:41 PAGE 2   

  54   1      }


MODULE INFORMATION:   STATIC OVERLAYABLE
   CODE SIZE        =     84    ----
   CONSTANT SIZE    =   ----    ----
   XDATA SIZE       =   ----    ----
   PDATA SIZE       =   ----    ----
   DATA SIZE        =   ----    ----
   IDATA SIZE       =   ----    ----
   BIT SIZE         =   ----    ----
END OF MODULE INFORMATION.


C51 COMPILATION COMPLETE.  0 WARNING(S),  0 ERROR(S)
