C51 COMPILER V9.60.7.0   MAIN                                                              04/27/2024 17:42:25 PAGE 1   


C51 COMPILER V9.60.7.0, COMPILATION OF MODULE MAIN
OBJECT MODULE PLACED IN .\Objects\main.obj
COMPILER INVOKED BY: C:\Users\a111\Documents\keil\C51\BIN\C51.EXE main.c OPTIMIZE(8,SPEED) BROWSE DEBUG OBJECTEXTEND PRI
                    -NT(.\Listings\main.lst) TABS(2) OBJECT(.\Objects\main.obj)

line level    source

   1          #include <REGX52.H>
   2          #include <INTRINS.H>
   3          
   4          unsigned char nixietable[] = {0x3F, 0x06, 0x5B, 0x4F, 0x66, 0x6D, 0x7D, 0x07,0x7F, 0x6F, 0x77, 0x7F, 0x39,
             - 0x3F, 0x79, 0x71};
   5          
   6          void delay(unsigned char xms)
   7          {
   8   1        unsigned char i, j;
   9   1      
  10   1        while(xms--)
  11   1        {
  12   2          _nop_();
  13   2          i = 2;
  14   2          j = 199;
  15   2          do
  16   2          {
  17   3            while (--j);
  18   3          } while (--i);
  19   2        }
  20   1      }
  21          
  22          
  23          void nixie(unsigned char location, number)
  24          {
  25   1        switch(location)
  26   1        {
  27   2          case 1:P2_4=1;P2_3=1;P2_2=1;break;
  28   2          case 2:P2_4=1;P2_3=1;P2_2=0;break;
  29   2          case 3:P2_4=1;P2_3=0;P2_2=1;break;
  30   2          case 4:P2_4=1;P2_3=0;P2_2=0;break;
  31   2          case 5:P2_4=0;P2_3=1;P2_2=1;break;
  32   2          case 6:P2_4=0;P2_3=1;P2_2=0;break;
  33   2          case 7:P2_4=0;P2_3=0;P2_2=1;break;
  34   2          case 8:P2_4=0;P2_3=0;P2_2=0;break;
  35   2        }
  36   1        P0 = nixietable[number];
  37   1        delay(1);
  38   1        P0 = 0x00;
  39   1      }
  40          
  41          void main()
  42          {
  43   1        while(1)
  44   1        {
  45   2          nixie(1, 10);
  46   2          nixie(2, 11);
  47   2          nixie(3, 12);
  48   2          nixie(4, 13);
  49   2          nixie(5, 14);
  50   2          nixie(6, 15);
  51   2          nixie(7, 6);
  52   2          nixie(8, 6);
  53   2        }
C51 COMPILER V9.60.7.0   MAIN                                                              04/27/2024 17:42:25 PAGE 2   

  54   1      }


MODULE INFORMATION:   STATIC OVERLAYABLE
   CODE SIZE        =    185    ----
   CONSTANT SIZE    =   ----    ----
   XDATA SIZE       =   ----    ----
   PDATA SIZE       =   ----    ----
   DATA SIZE        =     16    ----
   IDATA SIZE       =   ----    ----
   BIT SIZE         =   ----    ----
END OF MODULE INFORMATION.


C51 COMPILATION COMPLETE.  0 WARNING(S),  0 ERROR(S)
